<html>
<head>
<title>TestNG:  Test_0</title>
<link href="../testng.css" rel="stylesheet" type="text/css" />
<link href="../my-testng.css" rel="stylesheet" type="text/css" />

<style type="text/css">
.log { display: none;} 
.stack-trace { display: none;} 
</style>
<script type="text/javascript">
<!--
function flip(e) {
  current = e.style.display;
  if (current == 'block') {
    e.style.display = 'none';
    return 0;
  }
  else {
    e.style.display = 'block';
    return 1;
  }
}

function toggleBox(szDivId, elem, msg1, msg2)
{
  var res = -1;  if (document.getElementById) {
    res = flip(document.getElementById(szDivId));
  }
  else if (document.all) {
    // this is the way old msie versions work
    res = flip(document.all[szDivId]);
  }
  if(elem) {
    if(res == 0) elem.innerHTML = msg1; else elem.innerHTML = msg2;
  }

}

function toggleAllBoxes() {
  if (document.getElementsByTagName) {
    d = document.getElementsByTagName('div');
    for (i = 0; i < d.length; i++) {
      if (d[i].className == 'log') {
        flip(d[i]);
      }
    }
  }
}

// -->
</script>

</head>
<body>
<h2 align='center'>Test_0</h2><table border='1' align="center">
<tr>
<td>Tests passed/Failed/Skipped:</td><td>1/3/0</td>
</tr><tr>
<td>Started on:</td><td>Sat Sep 19 15:34:17 IST 2020</td>
</tr>
<tr><td>Total time:</td><td>12 seconds (12133 ms)</td>
</tr><tr>
<td>Included groups:</td><td></td>
</tr><tr>
<td>Excluded groups:</td><td></td>
</tr>
</table><p/>
<small><i>(Hover the method name to see the test class name)</i></small><p/>
<table width='100%' border='1' class='invocation-failed'>
<tr><td colspan='4' align='center'><b>FAILED TESTS</b></td></tr>
<tr><td><b>Test method</b></td>
<td width="30%"><b>Exception</b></td>
<td width="10%"><b>Time (seconds)</b></td>
<td><b>Instance</b></td>
</tr>
<tr>
<td title='com.automate.withme.Runner.E2e_Runner.runScenario()'><b>runScenario</b><br>Test class: com.automate.withme.Runner.E2e_Runner<br>Test method: Runs Cucumber Scenarios<br>Parameters: "Add items into Cart", "Testing Online Fruits and Veggies"</td>
<td><div><pre>java.lang.IndexOutOfBoundsException: Index: 0, Size: 0
	at java.util.ArrayList.rangeCheck(ArrayList.java:657)
	at java.util.ArrayList.get(ArrayList.java:433)
	at org.openqa.selenium.support.pagefactory.internal.LocatingElementListHandler.invoke(LocatingElementListHandler.java:39)
	at com.sun.proxy.$Proxy28.get(Unknown Source)
	at com.automate.withme.pages.Add_to_Cart.select_items(Add_to_Cart.java:55)
	at com.automate.withme.steps.E2e_stepDefs.user_selects_the_items_and_add_them_to_cart(E2e_stepDefs.java:85)
	at ?.User selects the items and add them to cart(file:///C:/Users/Dell/workspace/E2e_test_Demo/Features/E2eTests.feature:15)
... Removed 4 stack frames</pre></div><a href='#' onClick='toggleBox("stack-trace309251019", this, "Click to show all stack frames", "Click to hide stack frames")'>Click to show all stack frames</a>
<div class='stack-trace' id='stack-trace309251019'><pre>java.lang.IndexOutOfBoundsException: Index: 0, Size: 0
	at java.util.ArrayList.rangeCheck(ArrayList.java:657)
	at java.util.ArrayList.get(ArrayList.java:433)
	at sun.reflect.NativeMethodAccessorImpl.invoke0(Native Method)
	at sun.reflect.NativeMethodAccessorImpl.invoke(NativeMethodAccessorImpl.java:62)
	at sun.reflect.DelegatingMethodAccessorImpl.invoke(DelegatingMethodAccessorImpl.java:43)
	at java.lang.reflect.Method.invoke(Method.java:498)
	at org.openqa.selenium.support.pagefactory.internal.LocatingElementListHandler.invoke(LocatingElementListHandler.java:39)
	at com.sun.proxy.$Proxy28.get(Unknown Source)
	at com.automate.withme.pages.Add_to_Cart.select_items(Add_to_Cart.java:55)
	at com.automate.withme.steps.E2e_stepDefs.user_selects_the_items_and_add_them_to_cart(E2e_stepDefs.java:85)
	at ?.User selects the items and add them to cart(file:///C:/Users/Dell/workspace/E2e_test_Demo/Features/E2eTests.feature:15)
</pre></div></td>
<td>0</td>
<td>com.automate.withme.Runner.E2e_Runner@3f2a3a5</td></tr>
<tr>
<td title='com.automate.withme.Runner.E2e_Runner.runScenario()'><b>runScenario</b><br>Test class: com.automate.withme.Runner.E2e_Runner<br>Test method: Runs Cucumber Scenarios<br>Parameters: "User checkout", "Testing Online Fruits and Veggies"</td>
<td><div><pre>org.openqa.selenium.NoSuchElementException: Unable to find element with css selector == #fname
For documentation on this error, please visit: http://seleniumhq.org/exceptions/no_such_element.html
Build info: version: &apos;3.14.0&apos;, revision: &apos;aacccce0&apos;, time: &apos;2018-08-02T20:19:58.91Z&apos;
System info: host: &apos;DESKTOP-PT2MTDQ&apos;, ip: &apos;172.29.16.1&apos;, os.name: &apos;Windows 10&apos;, os.arch: &apos;amd64&apos;, os.version: &apos;10.0&apos;, java.version: &apos;1.8.0_251&apos;
Driver info: org.openqa.selenium.ie.InternetExplorerDriver
Capabilities {acceptInsecureCerts: false, browserName: internet explorer, browserVersion: 11, javascriptEnabled: true, pageLoadStrategy: normal, platform: WINDOWS, platformName: WINDOWS, proxy: Proxy(), se:ieOptions: {browserAttachTimeout: 0, elementScrollBehavior: 0, enablePersistentHover: true, ie.browserCommandLineSwitches: , ie.edgechromium: false, ie.edgepath: , ie.ensureCleanSession: false, ie.fileUploadDialogTimeout: 3000, ie.forceCreateProcessApi: false, ignoreProtectedModeSettings: false, ignoreZoomSetting: false, initialBrowserUrl: http://localhost:12333/, nativeEvents: true, requireWindowFocus: false}, setWindowRect: true, strictFileInteractability: false, timeouts: {implicit: 0, pageLoad: 300000, script: 30000}, unhandledPromptBehavior: dismiss and notify}
Session ID: 62ee7011-0caa-4f6e-a962-636d2107f6fe
*** Element info: {Using=id, value=fname}
	at org.openqa.selenium.remote.http.W3CHttpResponseCodec.createException(W3CHttpResponseCodec.java:187)
	at org.openqa.selenium.remote.http.W3CHttpResponseCodec.decode(W3CHttpResponseCodec.java:122)
	at org.openqa.selenium.remote.http.W3CHttpResponseCodec.decode(W3CHttpResponseCodec.java:49)
	at org.openqa.selenium.remote.HttpCommandExecutor.execute(HttpCommandExecutor.java:158)
	at org.openqa.selenium.remote.service.DriverCommandExecutor.execute(DriverCommandExecutor.java:83)
	at org.openqa.selenium.remote.RemoteWebDriver.execute(RemoteWebDriver.java:548)
	at org.openqa.selenium.remote.RemoteWebDriver.findElement(RemoteWebDriver.java:322)
	at org.openqa.selenium.remote.RemoteWebDriver.findElementById(RemoteWebDriver.java:368)
	at org.openqa.selenium.By$ById.findElement(By.java:188)
	at org.openqa.selenium.remote.RemoteWebDriver.findElement(RemoteWebDriver.java:314)
	at org.openqa.selenium.support.pagefactory.DefaultElementLocator.findElement(DefaultElementLocator.java:69)
	at org.openqa.selenium.support.pagefactory.internal.LocatingElementHandler.invoke(LocatingElementHandler.java:38)
	at com.sun.proxy.$Proxy27.sendKeys(Unknown Source)
	at com.util.utils.Utilities.Input_Text(Utilities.java:28)
	at com.automate.withme.pages.CheckOut.Fill_billing_details(CheckOut.java:82)
	at com.automate.withme.steps.E2e_stepDefs.user_Fills_the_Billing_address_details(E2e_stepDefs.java:116)
	at ?.User Fills the Billing address details(file:///C:/Users/Dell/workspace/E2e_test_Demo/Features/E2eTests.feature:31)
... Removed 4 stack frames</pre></div><a href='#' onClick='toggleBox("stack-trace1161884019", this, "Click to show all stack frames", "Click to hide stack frames")'>Click to show all stack frames</a>
<div class='stack-trace' id='stack-trace1161884019'><pre>org.openqa.selenium.NoSuchElementException: Unable to find element with css selector == #fname
For documentation on this error, please visit: http://seleniumhq.org/exceptions/no_such_element.html
Build info: version: &apos;3.14.0&apos;, revision: &apos;aacccce0&apos;, time: &apos;2018-08-02T20:19:58.91Z&apos;
System info: host: &apos;DESKTOP-PT2MTDQ&apos;, ip: &apos;172.29.16.1&apos;, os.name: &apos;Windows 10&apos;, os.arch: &apos;amd64&apos;, os.version: &apos;10.0&apos;, java.version: &apos;1.8.0_251&apos;
Driver info: org.openqa.selenium.ie.InternetExplorerDriver
Capabilities {acceptInsecureCerts: false, browserName: internet explorer, browserVersion: 11, javascriptEnabled: true, pageLoadStrategy: normal, platform: WINDOWS, platformName: WINDOWS, proxy: Proxy(), se:ieOptions: {browserAttachTimeout: 0, elementScrollBehavior: 0, enablePersistentHover: true, ie.browserCommandLineSwitches: , ie.edgechromium: false, ie.edgepath: , ie.ensureCleanSession: false, ie.fileUploadDialogTimeout: 3000, ie.forceCreateProcessApi: false, ignoreProtectedModeSettings: false, ignoreZoomSetting: false, initialBrowserUrl: http://localhost:12333/, nativeEvents: true, requireWindowFocus: false}, setWindowRect: true, strictFileInteractability: false, timeouts: {implicit: 0, pageLoad: 300000, script: 30000}, unhandledPromptBehavior: dismiss and notify}
Session ID: 62ee7011-0caa-4f6e-a962-636d2107f6fe
*** Element info: {Using=id, value=fname}
	at sun.reflect.NativeConstructorAccessorImpl.newInstance0(Native Method)
	at sun.reflect.NativeConstructorAccessorImpl.newInstance(NativeConstructorAccessorImpl.java:62)
	at sun.reflect.DelegatingConstructorAccessorImpl.newInstance(DelegatingConstructorAccessorImpl.java:45)
	at java.lang.reflect.Constructor.newInstance(Constructor.java:423)
	at org.openqa.selenium.remote.http.W3CHttpResponseCodec.createException(W3CHttpResponseCodec.java:187)
	at org.openqa.selenium.remote.http.W3CHttpResponseCodec.decode(W3CHttpResponseCodec.java:122)
	at org.openqa.selenium.remote.http.W3CHttpResponseCodec.decode(W3CHttpResponseCodec.java:49)
	at org.openqa.selenium.remote.HttpCommandExecutor.execute(HttpCommandExecutor.java:158)
	at org.openqa.selenium.remote.service.DriverCommandExecutor.execute(DriverCommandExecutor.java:83)
	at org.openqa.selenium.remote.RemoteWebDriver.execute(RemoteWebDriver.java:548)
	at org.openqa.selenium.remote.RemoteWebDriver.findElement(RemoteWebDriver.java:322)
	at org.openqa.selenium.remote.RemoteWebDriver.findElementById(RemoteWebDriver.java:368)
	at org.openqa.selenium.By$ById.findElement(By.java:188)
	at org.openqa.selenium.remote.RemoteWebDriver.findElement(RemoteWebDriver.java:314)
	at org.openqa.selenium.support.pagefactory.DefaultElementLocator.findElement(DefaultElementLocator.java:69)
	at org.openqa.selenium.support.pagefactory.internal.LocatingElementHandler.invoke(LocatingElementHandler.java:38)
	at com.sun.proxy.$Proxy27.sendKeys(Unknown Source)
	at com.util.utils.Utilities.Input_Text(Utilities.java:28)
	at com.automate.withme.pages.CheckOut.Fill_billing_details(CheckOut.java:82)
	at com.automate.withme.steps.E2e_stepDefs.user_Fills_the_Billing_address_details(E2e_stepDefs.java:116)
	at ?.User Fills the Billing address details(file:///C:/Users/Dell/workspace/E2e_test_Demo/Features/E2eTests.feature:31)
</pre></div></td>
<td>2</td>
<td>com.automate.withme.Runner.E2e_Runner@3f2a3a5</td></tr>
<tr>
<td title='com.automate.withme.Runner.E2e_Runner.runScenario()'><b>runScenario</b><br>Test class: com.automate.withme.Runner.E2e_Runner<br>Test method: Runs Cucumber Scenarios<br>Parameters: "Order placed", "Testing Online Fruits and Veggies"</td>
<td><div><pre>java.lang.AssertionError
	at org.junit.Assert.fail(Assert.java:87)
	at org.junit.Assert.assertTrue(Assert.java:42)
	at org.junit.Assert.assertTrue(Assert.java:53)
	at com.automate.withme.pages.OrderPlaced.verify_success_message(OrderPlaced.java:68)
	at com.automate.withme.steps.E2e_stepDefs.user_verfies_the_success_message(E2e_stepDefs.java:131)
	at ?.User verfies the success message(file:///C:/Users/Dell/workspace/E2e_test_Demo/Features/E2eTests.feature:37)
</pre></div><a href='#' onClick='toggleBox("stack-trace1631085873", this, "Click to show all stack frames", "Click to hide stack frames")'>Click to show all stack frames</a>
<div class='stack-trace' id='stack-trace1631085873'><pre>java.lang.AssertionError
	at org.junit.Assert.fail(Assert.java:87)
	at org.junit.Assert.assertTrue(Assert.java:42)
	at org.junit.Assert.assertTrue(Assert.java:53)
	at com.automate.withme.pages.OrderPlaced.verify_success_message(OrderPlaced.java:68)
	at com.automate.withme.steps.E2e_stepDefs.user_verfies_the_success_message(E2e_stepDefs.java:131)
	at ?.User verfies the success message(file:///C:/Users/Dell/workspace/E2e_test_Demo/Features/E2eTests.feature:37)
</pre></div></td>
<td>0</td>
<td>com.automate.withme.Runner.E2e_Runner@3f2a3a5</td></tr>
</table><p>
<table width='100%' border='1' class='invocation-passed'>
<tr><td colspan='4' align='center'><b>PASSED TESTS</b></td></tr>
<tr><td><b>Test method</b></td>
<td width="30%"><b>Exception</b></td>
<td width="10%"><b>Time (seconds)</b></td>
<td><b>Instance</b></td>
</tr>
<tr>
<td title='com.automate.withme.Runner.E2e_Runner.runScenario()'><b>runScenario</b><br>Test class: com.automate.withme.Runner.E2e_Runner<br>Test method: Runs Cucumber Scenarios<br>Parameters: "Login to Online Fruits and Veggies", "Testing Online Fruits and Veggies"</td>
<td></td>
<td>2</td>
<td>com.automate.withme.Runner.E2e_Runner@3f2a3a5</td></tr>
</table><p>
</body>
</html>