<?xml version="1.0" encoding="UTF-8"?>
<!-- Generated by org.testng.reporters.JUnitXMLReporter -->
<testsuite hostname="DESKTOP-PT2MTDQ" name="Testtest" tests="4" failures="0" timestamp="19 Sep 2020 09:04:50 GMT" time="17.964" errors="0">
  <testcase name="runScenario" time="4.395" classname="com.automate.withme.Runner.E2e_Runner"/>
  <testcase name="runScenario" time="2.1" classname="com.automate.withme.Runner.E2e_Runner"/>
  <testcase name="runScenario" time="2.278" classname="com.automate.withme.Runner.E2e_Runner"/>
  <testcase name="runScenario" time="0.485" classname="com.automate.withme.Runner.E2e_Runner"/>
</testsuite> <!-- Testtest -->
