<?xml version="1.0" encoding="UTF-8"?>
<!-- Generated by org.testng.reporters.JUnitXMLReporter -->
<testsuite hostname="DESKTOP-PT2MTDQ" name="Test" tests="4" failures="0" timestamp="18 Sep 2020 19:15:46 GMT" time="66.84" errors="0">
  <testcase name="runScenario" time="9.199" classname="com.automate.withme.Runner.E2e_Runner"/>
  <testcase name="runScenario" time="15.324" classname="com.automate.withme.Runner.E2e_Runner"/>
  <testcase name="runScenario" time="8.669" classname="com.automate.withme.Runner.E2e_Runner"/>
  <testcase name="runScenario" time="2.696" classname="com.automate.withme.Runner.E2e_Runner"/>
</testsuite> <!-- Test -->
