<?xml version="1.0" encoding="UTF-8"?>
<!-- Generated by org.testng.reporters.JUnitXMLReporter -->
<testsuite hostname="DESKTOP-PT2MTDQ" name="Test_90" tests="4" failures="0" timestamp="19 Sep 2020 09:48:15 GMT" time="22.447" errors="0">
  <testcase name="runScenario" time="5.342" classname="com.automate.withme.Runner.E2e_Runner"/>
  <testcase name="runScenario" time="2.889" classname="com.automate.withme.Runner.E2e_Runner"/>
  <testcase name="runScenario" time="4.224" classname="com.automate.withme.Runner.E2e_Runner"/>
  <testcase name="runScenario" time="1.013" classname="com.automate.withme.Runner.E2e_Runner"/>
</testsuite> <!-- Test_90 -->
