<?xml version="1.0" encoding="UTF-8"?>
<!-- Generated by org.testng.reporters.JUnitXMLReporter -->
<testsuite hostname="DESKTOP-PT2MTDQ" name="Test_32" tests="1" failures="1" timestamp="19 Sep 2020 10:07:46 GMT" time="8.034" errors="0">
  <testcase name="@AfterTest afterTest" time="0.0" classname="com.automate.withme.Runner.TestRunner2">
    <failure type="java.lang.NullPointerException">
      <![CDATA[java.lang.NullPointerException
	at com.automate.withme.testNgUtils.testngUtils.afterTest(testngUtils.java:55)
	at java.util.concurrent.FutureTask.run(FutureTask.java:266)
	at java.util.concurrent.ThreadPoolExecutor.runWorker(ThreadPoolExecutor.java:1149)
	at java.util.concurrent.ThreadPoolExecutor$Worker.run(ThreadPoolExecutor.java:624)
	at java.lang.Thread.run(Thread.java:748)
... Removed 14 stack frames]]>
    </failure>
  </testcase> <!-- @AfterTest afterTest -->
  <testcase name="runScenario" time="0.399" classname="com.automate.withme.Runner.TestRunner2">
    <failure type="java.lang.NullPointerException">
      <![CDATA[java.lang.NullPointerException
	at com.util.utils.Utilities.Naigate_to_URL(Utilities.java:24)
	at com.automate.withme.pages.Login.Launch_the_APP(Login.java:37)
	at com.automate.withme.steps.E2e_stepDefs.launch(E2e_stepDefs.java:50)
	at âœ½.User Launches the APP(file:///C:/Users/Dell/workspace/E2e_test_Demo/Features/E2eTests.feature:6)
]]>
    </failure>
  </testcase> <!-- runScenario -->
</testsuite> <!-- Test_32 -->
