<?xml version="1.0" encoding="UTF-8"?>
<!-- Generated by org.testng.reporters.JUnitXMLReporter -->
<testsuite hostname="DESKTOP-PT2MTDQ" name="Test_chrome" tests="4" failures="0" timestamp="19 Sep 2020 13:07:56 GMT" time="44.163" errors="0">
  <testcase name="runScenario" time="6.649" classname="com.automate.withme.Runner.E2e_Runner"/>
  <testcase name="runScenario" time="3.892" classname="com.automate.withme.Runner.E2e_Runner"/>
  <testcase name="runScenario" time="10.951" classname="com.automate.withme.Runner.E2e_Runner"/>
  <testcase name="runScenario" time="0.67" classname="com.automate.withme.Runner.E2e_Runner"/>
</testsuite> <!-- Test_chrome -->
