<html>
<head>
<title>TestNG:  Test_2</title>
<link href="../testng.css" rel="stylesheet" type="text/css" />
<link href="../my-testng.css" rel="stylesheet" type="text/css" />

<style type="text/css">
.log { display: none;} 
.stack-trace { display: none;} 
</style>
<script type="text/javascript">
<!--
function flip(e) {
  current = e.style.display;
  if (current == 'block') {
    e.style.display = 'none';
    return 0;
  }
  else {
    e.style.display = 'block';
    return 1;
  }
}

function toggleBox(szDivId, elem, msg1, msg2)
{
  var res = -1;  if (document.getElementById) {
    res = flip(document.getElementById(szDivId));
  }
  else if (document.all) {
    // this is the way old msie versions work
    res = flip(document.all[szDivId]);
  }
  if(elem) {
    if(res == 0) elem.innerHTML = msg1; else elem.innerHTML = msg2;
  }

}

function toggleAllBoxes() {
  if (document.getElementsByTagName) {
    d = document.getElementsByTagName('div');
    for (i = 0; i < d.length; i++) {
      if (d[i].className == 'log') {
        flip(d[i]);
      }
    }
  }
}

// -->
</script>

</head>
<body>
<h2 align='center'>Test_2</h2><table border='1' align="center">
<tr>
<td>Tests passed/Failed/Skipped:</td><td>0/4/0</td>
</tr><tr>
<td>Started on:</td><td>Sat Sep 19 15:07:27 IST 2020</td>
</tr>
<tr><td>Total time:</td><td>6 seconds (6560 ms)</td>
</tr><tr>
<td>Included groups:</td><td></td>
</tr><tr>
<td>Excluded groups:</td><td></td>
</tr>
</table><p/>
<small><i>(Hover the method name to see the test class name)</i></small><p/>
<table width='100%' border='1' class='invocation-failed'>
<tr><td colspan='4' align='center'><b>FAILED CONFIGURATIONS</b></td></tr>
<tr><td><b>Test method</b></td>
<td width="30%"><b>Exception</b></td>
<td width="10%"><b>Time (seconds)</b></td>
<td><b>Instance</b></td>
</tr>
<tr>
<td title='com.automate.withme.Runner.E2e_Runner.afterTest()'><b>afterTest</b><br>Test class: com.automate.withme.Runner.E2e_Runner</td>
<td><div><pre>java.lang.NullPointerException
	at com.automate.withme.testNgUtils.testngUtils.afterTest(testngUtils.java:55)
	at java.util.concurrent.FutureTask.run(FutureTask.java:266)
	at java.util.concurrent.ThreadPoolExecutor.runWorker(ThreadPoolExecutor.java:1149)
	at java.util.concurrent.ThreadPoolExecutor$Worker.run(ThreadPoolExecutor.java:624)
	at java.lang.Thread.run(Thread.java:748)
... Removed 14 stack frames</pre></div><a href='#' onClick='toggleBox("stack-trace1696566527", this, "Click to show all stack frames", "Click to hide stack frames")'>Click to show all stack frames</a>
<div class='stack-trace' id='stack-trace1696566527'><pre>java.lang.NullPointerException
	at com.automate.withme.testNgUtils.testngUtils.afterTest(testngUtils.java:55)
	at sun.reflect.NativeMethodAccessorImpl.invoke0(Native Method)
	at sun.reflect.NativeMethodAccessorImpl.invoke(NativeMethodAccessorImpl.java:62)
	at sun.reflect.DelegatingMethodAccessorImpl.invoke(DelegatingMethodAccessorImpl.java:43)
	at java.lang.reflect.Method.invoke(Method.java:498)
	at org.testng.internal.MethodInvocationHelper.invokeMethod(MethodInvocationHelper.java:86)
	at org.testng.internal.Invoker.invokeConfigurationMethod(Invoker.java:514)
	at org.testng.internal.Invoker.invokeConfigurations(Invoker.java:215)
	at org.testng.internal.Invoker.invokeConfigurations(Invoker.java:142)
	at org.testng.TestRunner.afterRun(TestRunner.java:1012)
	at org.testng.TestRunner.run(TestRunner.java:636)
	at org.testng.SuiteRunner.runTest(SuiteRunner.java:366)
	at org.testng.SuiteRunner.access$000(SuiteRunner.java:39)
	at org.testng.SuiteRunner$SuiteWorker.run(SuiteRunner.java:400)
	at org.testng.internal.thread.ThreadUtil$2.call(ThreadUtil.java:64)
	at java.util.concurrent.FutureTask.run(FutureTask.java:266)
	at java.util.concurrent.ThreadPoolExecutor.runWorker(ThreadPoolExecutor.java:1149)
	at java.util.concurrent.ThreadPoolExecutor$Worker.run(ThreadPoolExecutor.java:624)
	at java.lang.Thread.run(Thread.java:748)
</pre></div></td>
<td>0</td>
<td>null</td></tr>
</table><p>
<table width='100%' border='1' class='invocation-failed'>
<tr><td colspan='4' align='center'><b>FAILED TESTS</b></td></tr>
<tr><td><b>Test method</b></td>
<td width="30%"><b>Exception</b></td>
<td width="10%"><b>Time (seconds)</b></td>
<td><b>Instance</b></td>
</tr>
<tr>
<td title='com.automate.withme.Runner.E2e_Runner.runScenario()'><b>runScenario</b><br>Test class: com.automate.withme.Runner.E2e_Runner<br>Test method: Runs Cucumber Scenarios<br>Parameters: "Login to Online Fruits and Veggies", "Testing Online Fruits and Veggies"</td>
<td><div><pre>java.lang.NullPointerException
	at com.util.utils.Utilities.Naigate_to_URL(Utilities.java:24)
	at com.automate.withme.pages.Login.Launch_the_APP(Login.java:37)
	at com.automate.withme.steps.E2e_stepDefs.launch(E2e_stepDefs.java:50)
	at ?.User Launches the APP(file:///C:/Users/Dell/workspace/E2e_test_Demo/Features/E2eTests.feature:6)
</pre></div><a href='#' onClick='toggleBox("stack-trace1066569956", this, "Click to show all stack frames", "Click to hide stack frames")'>Click to show all stack frames</a>
<div class='stack-trace' id='stack-trace1066569956'><pre>java.lang.NullPointerException
	at com.util.utils.Utilities.Naigate_to_URL(Utilities.java:24)
	at com.automate.withme.pages.Login.Launch_the_APP(Login.java:37)
	at com.automate.withme.steps.E2e_stepDefs.launch(E2e_stepDefs.java:50)
	at ?.User Launches the APP(file:///C:/Users/Dell/workspace/E2e_test_Demo/Features/E2eTests.feature:6)
</pre></div></td>
<td>0</td>
<td>com.automate.withme.Runner.E2e_Runner@3f2a3a5</td></tr>
<tr>
<td title='com.automate.withme.Runner.E2e_Runner.runScenario()'><b>runScenario</b><br>Test class: com.automate.withme.Runner.E2e_Runner<br>Test method: Runs Cucumber Scenarios<br>Parameters: "Add items into Cart", "Testing Online Fruits and Veggies"</td>
<td><div><pre>java.lang.NullPointerException
	at com.util.utils.Utilities.Take_A_ScreenShot(Utilities.java:41)
	at com.automate.withme.pages.Login.Check_if_Heading_is_displayed(Login.java:51)
	at com.automate.withme.steps.E2e_stepDefs.user_lands_on_the_Add_to_cart_page(E2e_stepDefs.java:71)
	at ?.User lands on the Add to cart page(file:///C:/Users/Dell/workspace/E2e_test_Demo/Features/E2eTests.feature:14)
</pre></div><a href='#' onClick='toggleBox("stack-trace457198618", this, "Click to show all stack frames", "Click to hide stack frames")'>Click to show all stack frames</a>
<div class='stack-trace' id='stack-trace457198618'><pre>java.lang.NullPointerException
	at com.util.utils.Utilities.Take_A_ScreenShot(Utilities.java:41)
	at com.automate.withme.pages.Login.Check_if_Heading_is_displayed(Login.java:51)
	at com.automate.withme.steps.E2e_stepDefs.user_lands_on_the_Add_to_cart_page(E2e_stepDefs.java:71)
	at ?.User lands on the Add to cart page(file:///C:/Users/Dell/workspace/E2e_test_Demo/Features/E2eTests.feature:14)
</pre></div></td>
<td>0</td>
<td>com.automate.withme.Runner.E2e_Runner@3f2a3a5</td></tr>
<tr>
<td title='com.automate.withme.Runner.E2e_Runner.runScenario()'><b>runScenario</b><br>Test class: com.automate.withme.Runner.E2e_Runner<br>Test method: Runs Cucumber Scenarios<br>Parameters: "User checkout", "Testing Online Fruits and Veggies"</td>
<td><div><pre>java.lang.NullPointerException
	at com.util.utils.Utilities.Take_A_ScreenShot(Utilities.java:41)
	at com.automate.withme.pages.CheckOut.check_if_checkoutpage(CheckOut.java:68)
	at com.automate.withme.steps.E2e_stepDefs.user_lands_on_the_Checkout_Page(E2e_stepDefs.java:111)
	at ?.User lands on the Checkout Page(file:///C:/Users/Dell/workspace/E2e_test_Demo/Features/E2eTests.feature:29)
</pre></div><a href='#' onClick='toggleBox("stack-trace1364413602", this, "Click to show all stack frames", "Click to hide stack frames")'>Click to show all stack frames</a>
<div class='stack-trace' id='stack-trace1364413602'><pre>java.lang.NullPointerException
	at com.util.utils.Utilities.Take_A_ScreenShot(Utilities.java:41)
	at com.automate.withme.pages.CheckOut.check_if_checkoutpage(CheckOut.java:68)
	at com.automate.withme.steps.E2e_stepDefs.user_lands_on_the_Checkout_Page(E2e_stepDefs.java:111)
	at ?.User lands on the Checkout Page(file:///C:/Users/Dell/workspace/E2e_test_Demo/Features/E2eTests.feature:29)
</pre></div></td>
<td>0</td>
<td>com.automate.withme.Runner.E2e_Runner@3f2a3a5</td></tr>
<tr>
<td title='com.automate.withme.Runner.E2e_Runner.runScenario()'><b>runScenario</b><br>Test class: com.automate.withme.Runner.E2e_Runner<br>Test method: Runs Cucumber Scenarios<br>Parameters: "Order placed", "Testing Online Fruits and Veggies"</td>
<td><div><pre>java.lang.NullPointerException
	at com.util.utils.Utilities.Take_A_ScreenShot(Utilities.java:41)
	at com.automate.withme.pages.OrderPlaced.Check_if_Heading_is_displayed(OrderPlaced.java:57)
	at com.automate.withme.steps.E2e_stepDefs.user_lands_on_the_Order_placed_Page(E2e_stepDefs.java:126)
	at ?.User lands on the Order placed Page(file:///C:/Users/Dell/workspace/E2e_test_Demo/Features/E2eTests.feature:36)
</pre></div><a href='#' onClick='toggleBox("stack-trace405208536", this, "Click to show all stack frames", "Click to hide stack frames")'>Click to show all stack frames</a>
<div class='stack-trace' id='stack-trace405208536'><pre>java.lang.NullPointerException
	at com.util.utils.Utilities.Take_A_ScreenShot(Utilities.java:41)
	at com.automate.withme.pages.OrderPlaced.Check_if_Heading_is_displayed(OrderPlaced.java:57)
	at com.automate.withme.steps.E2e_stepDefs.user_lands_on_the_Order_placed_Page(E2e_stepDefs.java:126)
	at ?.User lands on the Order placed Page(file:///C:/Users/Dell/workspace/E2e_test_Demo/Features/E2eTests.feature:36)
</pre></div></td>
<td>0</td>
<td>com.automate.withme.Runner.E2e_Runner@3f2a3a5</td></tr>
</table><p>
</body>
</html>