<?xml version="1.0" encoding="UTF-8"?>
<!-- Generated by org.testng.reporters.JUnitXMLReporter -->
<testsuite hostname="DESKTOP-PT2MTDQ" name="Test_" tests="4" failures="0" timestamp="19 Sep 2020 09:53:37 GMT" time="15.119" errors="0">
  <testcase name="runScenario" time="3.277" classname="com.automate.withme.Runner.E2e_Runner"/>
  <testcase name="runScenario" time="1.266" classname="com.automate.withme.Runner.E2e_Runner"/>
  <testcase name="runScenario" time="1.169" classname="com.automate.withme.Runner.E2e_Runner"/>
  <testcase name="runScenario" time="0.423" classname="com.automate.withme.Runner.E2e_Runner"/>
</testsuite> <!-- Test_ -->
