<?xml version="1.0" encoding="UTF-8"?>
<!-- Generated by org.testng.reporters.JUnitXMLReporter -->
<testsuite hostname="DESKTOP-PT2MTDQ" name="Test_IE" tests="4" failures="0" timestamp="19 Sep 2020 13:08:13 GMT" time="61.928" errors="0">
  <testcase name="runScenario" time="17.09" classname="com.automate.withme.Runner.E2e_Runner"/>
  <testcase name="runScenario" time="15.418" classname="com.automate.withme.Runner.E2e_Runner"/>
  <testcase name="runScenario" time="6.309" classname="com.automate.withme.Runner.E2e_Runner"/>
  <testcase name="runScenario" time="2.964" classname="com.automate.withme.Runner.E2e_Runner"/>
</testsuite> <!-- Test_IE -->
