<?xml version="1.0" encoding="UTF-8"?>
<!-- Generated by org.testng.reporters.JUnitXMLReporter -->
<testsuite hostname="DESKTOP-PT2MTDQ" name="Test_chrome" tests="4" failures="0" timestamp="7 Oct 2020 11:07:28 GMT" time="19.773" errors="0">
  <testcase name="runScenario" time="4.361" classname="com.automate.withme.Runner.E2e_Runner"/>
  <testcase name="runScenario" time="1.788" classname="com.automate.withme.Runner.E2e_Runner"/>
  <testcase name="runScenario" time="2.848" classname="com.automate.withme.Runner.E2e_Runner"/>
  <testcase name="runScenario" time="0.634" classname="com.automate.withme.Runner.E2e_Runner"/>
</testsuite> <!-- Test_chrome -->
