<?xml version="1.0" encoding="UTF-8"?>
<testng-results skipped="0" failed="0" total="4" passed="4">
  <reporter-output>
  </reporter-output>
  <suite name="Suite" duration-ms="19773" started-at="2020-10-07T11:07:08Z" finished-at="2020-10-07T11:07:28Z">
    <groups>
      <group name="cucumber">
        <method signature="AbstractTestNGCucumberTests.runScenario(io.cucumber.testng.PickleWrapper, io.cucumber.testng.FeatureWrapper)[pri:0, instance:com.automate.withme.Runner.E2e_Runner@3fb6a447]" name="runScenario" class="io.cucumber.testng.AbstractTestNGCucumberTests"/>
      </group> <!-- cucumber -->
    </groups>
    <test name="Test_chrome" duration-ms="19773" started-at="2020-10-07T11:07:08Z" finished-at="2020-10-07T11:07:28Z">
      <class name="com.automate.withme.Runner.E2e_Runner">
        <test-method status="PASS" signature="beforeTest(java.lang.String)[pri:0, instance:com.automate.withme.Runner.E2e_Runner@3fb6a447]" name="beforeTest" is-config="true" duration-ms="5778" started-at="2020-10-07T16:37:09Z" finished-at="2020-10-07T16:37:14Z">
          <params>
            <param index="0">
              <value>
                <![CDATA[chrome]]>
              </value>
            </param>
          </params>
          <reporter-output>
          </reporter-output>
        </test-method> <!-- beforeTest -->
        <test-method status="PASS" signature="setUpClass()[pri:0, instance:com.automate.withme.Runner.E2e_Runner@3fb6a447]" name="setUpClass" is-config="true" duration-ms="849" started-at="2020-10-07T16:37:14Z" finished-at="2020-10-07T16:37:15Z">
          <reporter-output>
          </reporter-output>
        </test-method> <!-- setUpClass -->
        <test-method status="PASS" signature="runScenario(io.cucumber.testng.PickleWrapper, io.cucumber.testng.FeatureWrapper)[pri:0, instance:com.automate.withme.Runner.E2e_Runner@3fb6a447]" name="runScenario" duration-ms="4361" started-at="2020-10-07T16:37:15Z" description="Runs Cucumber Scenarios" data-provider="scenarios" finished-at="2020-10-07T16:37:19Z">
          <params>
            <param index="0">
              <value>
                <![CDATA["Login to Online Fruits and Veggies"]]>
              </value>
            </param>
            <param index="1">
              <value>
                <![CDATA["Testing Online Fruits and Veggies"]]>
              </value>
            </param>
          </params>
          <reporter-output>
          </reporter-output>
        </test-method> <!-- runScenario -->
        <test-method status="PASS" signature="runScenario(io.cucumber.testng.PickleWrapper, io.cucumber.testng.FeatureWrapper)[pri:0, instance:com.automate.withme.Runner.E2e_Runner@3fb6a447]" name="runScenario" duration-ms="1788" started-at="2020-10-07T16:37:20Z" description="Runs Cucumber Scenarios" data-provider="scenarios" finished-at="2020-10-07T16:37:21Z">
          <params>
            <param index="0">
              <value>
                <![CDATA["Add items into Cart"]]>
              </value>
            </param>
            <param index="1">
              <value>
                <![CDATA["Testing Online Fruits and Veggies"]]>
              </value>
            </param>
          </params>
          <reporter-output>
          </reporter-output>
        </test-method> <!-- runScenario -->
        <test-method status="PASS" signature="runScenario(io.cucumber.testng.PickleWrapper, io.cucumber.testng.FeatureWrapper)[pri:0, instance:com.automate.withme.Runner.E2e_Runner@3fb6a447]" name="runScenario" duration-ms="2848" started-at="2020-10-07T16:37:21Z" description="Runs Cucumber Scenarios" data-provider="scenarios" finished-at="2020-10-07T16:37:24Z">
          <params>
            <param index="0">
              <value>
                <![CDATA["User checkout"]]>
              </value>
            </param>
            <param index="1">
              <value>
                <![CDATA["Testing Online Fruits and Veggies"]]>
              </value>
            </param>
          </params>
          <reporter-output>
          </reporter-output>
        </test-method> <!-- runScenario -->
        <test-method status="PASS" signature="runScenario(io.cucumber.testng.PickleWrapper, io.cucumber.testng.FeatureWrapper)[pri:0, instance:com.automate.withme.Runner.E2e_Runner@3fb6a447]" name="runScenario" duration-ms="634" started-at="2020-10-07T16:37:24Z" description="Runs Cucumber Scenarios" data-provider="scenarios" finished-at="2020-10-07T16:37:25Z">
          <params>
            <param index="0">
              <value>
                <![CDATA["Order placed"]]>
              </value>
            </param>
            <param index="1">
              <value>
                <![CDATA["Testing Online Fruits and Veggies"]]>
              </value>
            </param>
          </params>
          <reporter-output>
          </reporter-output>
        </test-method> <!-- runScenario -->
        <test-method status="PASS" signature="tearDownClass()[pri:0, instance:com.automate.withme.Runner.E2e_Runner@3fb6a447]" name="tearDownClass" is-config="true" duration-ms="939" started-at="2020-10-07T16:37:25Z" finished-at="2020-10-07T16:37:26Z">
          <reporter-output>
          </reporter-output>
        </test-method> <!-- tearDownClass -->
        <test-method status="PASS" signature="afterTest()[pri:0, instance:com.automate.withme.Runner.E2e_Runner@3fb6a447]" name="afterTest" is-config="true" duration-ms="2555" started-at="2020-10-07T16:37:26Z" finished-at="2020-10-07T16:37:28Z">
          <reporter-output>
          </reporter-output>
        </test-method> <!-- afterTest -->
        <test-method status="PASS" signature="aftersuite(java.lang.String, java.lang.String, java.lang.String)[pri:0, instance:com.automate.withme.Runner.E2e_Runner@3fb6a447]" name="aftersuite" is-config="true" duration-ms="1" started-at="2020-10-07T16:37:28Z" finished-at="2020-10-07T16:37:28Z">
          <params>
            <param index="0">
              <value>
                <![CDATA[]]>
              </value>
            </param>
            <param index="1">
              <value>
                <![CDATA[]]>
              </value>
            </param>
            <param index="2">
              <value>
                <![CDATA[]]>
              </value>
            </param>
          </params>
          <reporter-output>
          </reporter-output>
        </test-method> <!-- aftersuite -->
      </class> <!-- com.automate.withme.Runner.E2e_Runner -->
    </test> <!-- Test_chrome -->
  </suite> <!-- Suite -->
</testng-results>
