<?xml version="1.0" encoding="UTF-8"?>
<!-- Generated by org.testng.reporters.JUnitReportReporter -->
<testsuite hostname="DESKTOP-PT2MTDQ" name="com.automate.withme.Runner.NegativeTestRunner" tests="3" failures="0" timestamp="18 Sep 2020 19:07:40 GMT" time="0.492" errors="3">
  <testcase name="runScenario" time="0.450" classname="com.automate.withme.Runner.NegativeTestRunner">
    <error type="java.lang.NullPointerException">
      <![CDATA[java.lang.NullPointerException
	at org.openqa.selenium.support.pagefactory.DefaultElementLocator.findElement(DefaultElementLocator.java:69)
	at org.openqa.selenium.support.pagefactory.internal.LocatingElementHandler.invoke(LocatingElementHandler.java:38)
	at com.sun.proxy.$Proxy27.sendKeys(Unknown Source)
	at com.util.utils.Utilities.Input_Text(Utilities.java:28)
	at com.automate.withme.pages.Login.user_gives_invalid_cred(Login.java:70)
	at com.automate.withme.steps.NegativeTests_StepDef.user_gives_invalid_cred(NegativeTests_StepDef.java:15)
	at ✽.User gives invalid credentials "user1" as Username and "mypass" as Password(file:///C:/Users/Dell/workspace/E2e_test_Demo/Features/NegativeTest.feature:6)
]]>
    </error>
  </testcase> <!-- runScenario -->
  <testcase name="runScenario" time="0.012" classname="com.automate.withme.Runner.NegativeTestRunner">
    <error type="java.lang.NullPointerException">
      <![CDATA[java.lang.NullPointerException
	at org.openqa.selenium.support.pagefactory.DefaultElementLocator.findElement(DefaultElementLocator.java:69)
	at org.openqa.selenium.support.pagefactory.internal.LocatingElementHandler.invoke(LocatingElementHandler.java:38)
	at com.sun.proxy.$Proxy27.sendKeys(Unknown Source)
	at com.util.utils.Utilities.Input_Text(Utilities.java:28)
	at com.automate.withme.pages.Login.user_gives_invalid_cred(Login.java:70)
	at com.automate.withme.steps.NegativeTests_StepDef.user_gives_invalid_cred(NegativeTests_StepDef.java:15)
	at ✽.User gives invalid credentials "user3" as Username and "mypass3" as Password(file:///C:/Users/Dell/workspace/E2e_test_Demo/Features/NegativeTest.feature:6)
]]>
    </error>
  </testcase> <!-- runScenario -->
  <testcase name="runScenario" time="0.030" classname="com.automate.withme.Runner.NegativeTestRunner">
    <error type="java.lang.NullPointerException">
      <![CDATA[java.lang.NullPointerException
	at org.openqa.selenium.support.pagefactory.DefaultElementLocator.findElement(DefaultElementLocator.java:69)
	at org.openqa.selenium.support.pagefactory.internal.LocatingElementHandler.invoke(LocatingElementHandler.java:38)
	at com.sun.proxy.$Proxy27.sendKeys(Unknown Source)
	at com.util.utils.Utilities.Input_Text(Utilities.java:28)
	at com.automate.withme.pages.Login.user_gives_invalid_cred(Login.java:70)
	at com.automate.withme.steps.NegativeTests_StepDef.user_gives_invalid_cred(NegativeTests_StepDef.java:15)
	at ✽.User gives invalid credentials "user2" as Username and "mypass2" as Password(file:///C:/Users/Dell/workspace/E2e_test_Demo/Features/NegativeTest.feature:6)
]]>
    </error>
  </testcase> <!-- runScenario -->
</testsuite> <!-- com.automate.withme.Runner.NegativeTestRunner -->
