<?xml version="1.0" encoding="UTF-8"?>
<!-- Generated by org.testng.reporters.JUnitReportReporter -->
<testsuite hostname="DESKTOP-PT2MTDQ" name="com.automate.withme.Runner.TestRunner2" tests="2" failures="0" timestamp="19 Sep 2020 10:07:54 GMT" time="0.798" errors="2">
  <testcase name="runScenario" time="0.399" classname="com.automate.withme.Runner.TestRunner2">
    <error type="java.lang.NullPointerException">
      <![CDATA[java.lang.NullPointerException
	at com.util.utils.Utilities.Naigate_to_URL(Utilities.java:24)
	at com.automate.withme.pages.Login.Launch_the_APP(Login.java:37)
	at com.automate.withme.steps.E2e_stepDefs.launch(E2e_stepDefs.java:50)
	at ✽.User Launches the APP(file:///C:/Users/Dell/workspace/E2e_test_Demo/Features/E2eTests.feature:6)
]]>
    </error>
  </testcase> <!-- runScenario -->
  <testcase name="runScenario" time="0.399" classname="com.automate.withme.Runner.TestRunner2">
    <error type="java.lang.NullPointerException">
      <![CDATA[java.lang.NullPointerException
	at com.util.utils.Utilities.Naigate_to_URL(Utilities.java:24)
	at com.automate.withme.pages.Login.Launch_the_APP(Login.java:37)
	at com.automate.withme.steps.E2e_stepDefs.launch(E2e_stepDefs.java:50)
	at ✽.User Launches the APP(file:///C:/Users/Dell/workspace/E2e_test_Demo/Features/E2eTests.feature:6)
]]>
    </error>
  </testcase> <!-- runScenario -->
</testsuite> <!-- com.automate.withme.Runner.TestRunner2 -->
